# JRE version: Java(TM) SE Runtime Environment (17.0.7+8) (build 17.0.7+8-LTS-224)
# Java VM: Java HotSpot(TM) 64-Bit Server VM (17.0.7+8-LTS-224, mixed mode, emulated-client, sharing, tiered, compressed oops, compressed class ptrs, g1 gc, bsd-aarch64)
GC Precious Log:
 CPUs: 8 total, 8 available
 Memory: 16384M
 Large Page Support: Disabled
 NUMA Support: Disabled
 Compressed Oops: Enabled (Zero based)
 Heap Region Size: 2M
 Heap Min Capacity: 8M
 Heap Initial Capacity: 256M
 Heap Max Capacity: 4G
 Pre-touch: Disabled
 Parallel Workers: 8
 Concurrent Workers: 2
 Concurrent Refinement Workers: 8
 Periodic GC: Disabled
Heap:
 garbage-first heap   total 260096K, used 96353K [0x0000000700000000, 0x0000000800000000)
  region size 2048K, 11 young (22528K), 4 survivors (8192K)
 Metaspace       used 84129K, committed 84864K, reserved 1122304K
  class space    used 11235K, committed 11584K, reserved 1048576K
GC Heap History (20 events):
Event: 3.055 GC heap before
{Heap before GC invocations=17 (full 0):
 garbage-first heap   total 98304K, used 67936K [0x0000000700000000, 0x0000000800000000)
  region size 2048K, 20 young (40960K), 3 survivors (6144K)
 Metaspace       used 60011K, committed 60416K, reserved 1105920K
  class space    used 8122K, committed 8320K, reserved 1048576K
}
Event: 3.058 GC heap after
{Heap after GC invocations=18 (full 0):
 garbage-first heap   total 118784K, used 36999K [0x0000000700000000, 0x0000000800000000)
  region size 2048K, 2 young (4096K), 2 survivors (4096K)
 Metaspace       used 60011K, committed 60416K, reserved 1105920K
  class space    used 8122K, committed 8320K, reserved 1048576K
}
Event: 3.333 GC heap before
{Heap before GC invocations=19 (full 0):
 garbage-first heap   total 118784K, used 90247K [0x0000000700000000, 0x0000000800000000)
  region size 2048K, 28 young (57344K), 2 survivors (4096K)
 Metaspace       used 63773K, committed 64256K, reserved 1105920K
  class space    used 8631K, committed 8896K, reserved 1048576K
}
Event: 3.337 GC heap after
{Heap after GC invocations=20 (full 0):
 garbage-first heap   total 118784K, used 40364K [0x0000000700000000, 0x0000000800000000)
  region size 2048K, 3 young (6144K), 3 survivors (6144K)
 Metaspace       used 63773K, committed 64256K, reserved 1105920K
  class space    used 8631K, committed 8896K, reserved 1048576K
}
Event: 3.342 GC heap before
{Heap before GC invocations=20 (full 0):
 garbage-first heap   total 118784K, used 42412K [0x0000000700000000, 0x0000000800000000)
  region size 2048K, 4 young (8192K), 3 survivors (6144K)
 Metaspace       used 63778K, committed 64256K, reserved 1105920K
  class space    used 8633K, committed 8896K, reserved 1048576K
}
Event: 3.345 GC heap after
{Heap after GC invocations=21 (full 0):
 garbage-first heap   total 118784K, used 41302K [0x0000000700000000, 0x0000000800000000)
  region size 2048K, 1 young (2048K), 1 survivors (2048K)
 Metaspace       used 63778K, committed 64256K, reserved 1105920K
  class space    used 8633K, committed 8896K, reserved 1048576K
}
Event: 3.393 GC heap before
{Heap before GC invocations=21 (full 0):
 garbage-first heap   total 118784K, used 88406K [0x0000000700000000, 0x0000000800000000)
  region size 2048K, 25 young (51200K), 1 survivors (2048K)
 Metaspace       used 63834K, committed 64320K, reserved 1105920K
  class space    used 8640K, committed 8896K, reserved 1048576K
}
Event: 3.398 GC heap after
{Heap after GC invocations=22 (full 0):
 garbage-first heap   total 118784K, used 53754K [0x0000000700000000, 0x0000000800000000)
  region size 2048K, 4 young (8192K), 4 survivors (8192K)
 Metaspace       used 63834K, committed 64320K, reserved 1105920K
  class space    used 8640K, committed 8896K, reserved 1048576K
}
Event: 3.431 GC heap before
{Heap before GC invocations=22 (full 0):
 garbage-first heap   total 118784K, used 84474K [0x0000000700000000, 0x0000000800000000)
  region size 2048K, 20 young (40960K), 4 survivors (8192K)
 Metaspace       used 63874K, committed 64384K, reserved 1105920K
  class space    used 8647K, committed 8896K, reserved 1048576K
}
Event: 3.435 GC heap after
{Heap after GC invocations=23 (full 0):
 garbage-first heap   total 118784K, used 60156K [0x0000000700000000, 0x0000000800000000)
  region size 2048K, 3 young (6144K), 3 survivors (6144K)
 Metaspace       used 63874K, committed 64384K, reserved 1105920K
  class space    used 8647K, committed 8896K, reserved 1048576K
}
Event: 3.453 GC heap before
{Heap before GC invocations=23 (full 0):
 garbage-first heap   total 118784K, used 88828K [0x0000000700000000, 0x0000000800000000)
  region size 2048K, 17 young (34816K), 3 survivors (6144K)
 Metaspace       used 63874K, committed 64384K, reserved 1105920K
  class space    used 8647K, committed 8896K, reserved 1048576K
}
Event: 3.459 GC heap after
{Heap after GC invocations=24 (full 0):
 garbage-first heap   total 260096K, used 67919K [0x0000000700000000, 0x0000000800000000)
  region size 2048K, 3 young (6144K), 3 survivors (6144K)
 Metaspace       used 63874K, committed 64384K, reserved 1105920K
  class space    used 8647K, committed 8896K, reserved 1048576K
}
Event: 3.540 GC heap before
{Heap before GC invocations=25 (full 0):
 garbage-first heap   total 260096K, used 172367K [0x0000000700000000, 0x0000000800000000)
  region size 2048K, 58 young (118784K), 3 survivors (6144K)
 Metaspace       used 63883K, committed 64384K, reserved 1105920K
  class space    used 8648K, committed 8896K, reserved 1048576K
}
Event: 3.543 GC heap after
{Heap after GC invocations=26 (full 0):
 garbage-first heap   total 260096K, used 66917K [0x0000000700000000, 0x0000000800000000)
  region size 2048K, 6 young (12288K), 6 survivors (12288K)
 Metaspace       used 63883K, committed 64384K, reserved 1105920K
  class space    used 8648K, committed 8896K, reserved 1048576K
}
Event: 3.545 GC heap before
{Heap before GC invocations=26 (full 0):
 garbage-first heap   total 260096K, used 68965K [0x0000000700000000, 0x0000000800000000)
  region size 2048K, 7 young (14336K), 6 survivors (12288K)
 Metaspace       used 63883K, committed 64384K, reserved 1105920K
  class space    used 8648K, committed 8896K, reserved 1048576K
}
Event: 3.547 GC heap after
{Heap after GC invocations=27 (full 0):
 garbage-first heap   total 260096K, used 66479K [0x0000000700000000, 0x0000000800000000)
  region size 2048K, 1 young (2048K), 1 survivors (2048K)
 Metaspace       used 63883K, committed 64384K, reserved 1105920K
  class space    used 8648K, committed 8896K, reserved 1048576K
}
Event: 10.468 GC heap before
{Heap before GC invocations=27 (full 0):
 garbage-first heap   total 260096K, used 199599K [0x0000000700000000, 0x0000000800000000)
  region size 2048K, 67 young (137216K), 1 survivors (2048K)
 Metaspace       used 70141K, committed 70656K, reserved 1114112K
  class space    used 9500K, committed 9728K, reserved 1048576K
}
Event: 10.474 GC heap after
{Heap after GC invocations=28 (full 0):
 garbage-first heap   total 260096K, used 78699K [0x0000000700000000, 0x0000000800000000)
  region size 2048K, 7 young (14336K), 7 survivors (14336K)
 Metaspace       used 70141K, committed 70656K, reserved 1114112K
  class space    used 9500K, committed 9728K, reserved 1048576K
}
Event: 195.540 GC heap before
{Heap before GC invocations=28 (full 0):
 garbage-first heap   total 260096K, used 191339K [0x0000000700000000, 0x0000000800000000)
  region size 2048K, 63 young (129024K), 7 survivors (14336K)
 Metaspace       used 81926K, committed 82560K, reserved 1122304K
  class space    used 11024K, committed 11328K, reserved 1048576K
}
Event: 195.556 GC heap after
{Heap after GC invocations=29 (full 0):
 garbage-first heap   total 260096K, used 86113K [0x0000000700000000, 0x0000000800000000)
  region size 2048K, 4 young (8192K), 4 survivors (8192K)
 Metaspace       used 81926K, committed 82560K, reserved 1122304K
  class space    used 11024K, committed 11328K, reserved 1048576K
}

